c:\users\acer\source\repos\loggingplatform\loggingplatform\debug\loggingplatform.pch
c:\users\acer\source\repos\loggingplatform\loggingplatform\debug\vc141.pdb
c:\users\acer\source\repos\loggingplatform\loggingplatform\debug\vc141.idb
c:\users\acer\source\repos\loggingplatform\loggingplatform\debug\stdafx.obj
c:\users\acer\source\repos\loggingplatform\loggingplatform\debug\observer.obj
c:\users\acer\source\repos\loggingplatform\loggingplatform\debug\networkloggingplatform.obj
c:\users\acer\source\repos\loggingplatform\loggingplatform\debug\loggingplatform.obj
c:\users\acer\source\repos\loggingplatform\loggingplatform\debug\logging.obj
c:\users\acer\source\repos\loggingplatform\loggingplatform\debug\logger.obj
c:\users\acer\source\repos\loggingplatform\loggingplatform\debug\fileloggingplatform.obj
c:\users\acer\source\repos\loggingplatform\loggingplatform\debug\consoleloggingplatform.obj
c:\users\acer\source\repos\loggingplatform\debug\loggingplatform.ilk
c:\users\acer\source\repos\loggingplatform\debug\loggingplatform.exe
c:\users\acer\source\repos\loggingplatform\debug\loggingplatform.pdb
c:\users\acer\source\repos\loggingplatform\loggingplatform\debug\loggingplatform.tlog\cl.command.1.tlog
c:\users\acer\source\repos\loggingplatform\loggingplatform\debug\loggingplatform.tlog\cl.read.1.tlog
c:\users\acer\source\repos\loggingplatform\loggingplatform\debug\loggingplatform.tlog\cl.write.1.tlog
c:\users\acer\source\repos\loggingplatform\loggingplatform\debug\loggingplatform.tlog\link.command.1.tlog
c:\users\acer\source\repos\loggingplatform\loggingplatform\debug\loggingplatform.tlog\link.read.1.tlog
c:\users\acer\source\repos\loggingplatform\loggingplatform\debug\loggingplatform.tlog\link.write.1.tlog
